[    21.106] 
X.Org X Server 1.21.1.16
X Protocol Version 11, Revision 0
[    21.107] Current Operating System: Linux archlinux 6.12.21-1-lts #1 SMP PREEMPT_DYNAMIC Sat, 29 Mar 2025 06:39:46 +0000 x86_64
[    21.107] Kernel command line: BOOT_IMAGE=/boot/vmlinuz-linux-lts root=UUID=671f5322-aff1-4260-8f5c-5c1f32495aec rw quiet splash plymouth.enable=1 loglevel=4 libata.noacpi=1 acpi=force apm=power-off nowatchdog tsc=nowatchdog cryptomgr.notests no_timer_check rcupdate.rcu_expedited=1 intel_pstate=active amd_pstate=active cpuidle.governor=teo split_lock_detect=off clearcpuid=514 transparent_hugepage=never skew_tick=1 intremap=off nosoftlockup audit=0 nomce systemd.show_status=auto rd.udev.log_level=3 apparmor=1 security=apparmor vconsole.font=Uni2-Fixed16 intel_iommu=on amd_iommu=on tdx=on nvme_load=yes nouveau.modeset=1 i915.modeset=1 amdgpu.modeset=1 radeon.si_support=0 radeon.cik_support=0 amdgpu.si_support=1 amdgpu.cik_support=1 nvidia.modeset=1 nvidia_drm.modeset=1 DEEPIN_GFXMODE=
[    21.110]  
[    21.115] Current version of pixman: 0.44.2
[    21.119] 	Before reporting problems, check http://wiki.x.org
	to make sure that you have the latest version.
[    21.119] Markers: (--) probed, (**) from config file, (==) default setting,
	(++) from command line, (!!) notice, (II) informational,
	(WW) warning, (EE) error, (NI) not implemented, (??) unknown.
[    21.122] (==) Log file: "/home/live/.local/share/xorg/Xorg.0.log", Time: Thu Apr  3 11:48:55 2025
[    21.125] (==) Using config directory: "/etc/X11/xorg.conf.d"
[    21.126] (==) Using system config directory "/usr/share/X11/xorg.conf.d"
[    21.132] (==) No Layout section.  Using the first Screen section.
[    21.132] (==) No screen section available. Using defaults.
[    21.132] (**) |-->Screen "Default Screen Section" (0)
[    21.132] (**) |   |-->Monitor "<default monitor>"
[    21.133] (==) No monitor specified for screen "Default Screen Section".
	Using a default monitor configuration.
[    21.133] (**) Allowing byte-swapped clients
[    21.133] (==) Automatically adding devices
[    21.133] (==) Automatically enabling devices
[    21.133] (==) Automatically adding GPU devices
[    21.133] (==) Automatically binding GPU devices
[    21.133] (==) Max clients allowed: 256, resource mask: 0x1fffff
[    21.134] (WW) The directory "/usr/share/fonts/OTF" does not exist.
[    21.134] 	Entry deleted from font path.
[    21.134] (WW) The directory "/usr/share/fonts/Type1" does not exist.
[    21.134] 	Entry deleted from font path.
[    21.136] (==) FontPath set to:
	/usr/share/fonts/misc,
	/usr/share/fonts/TTF,
	/usr/share/fonts/100dpi,
	/usr/share/fonts/75dpi
[    21.136] (==) ModulePath set to "/usr/lib/xorg/modules"
[    21.136] (II) The server relies on udev to provide the list of input devices.
	If no devices become available, reconfigure udev or disable AutoAddDevices.
[    21.136] (II) Module ABI versions:
[    21.136] 	X.Org ANSI C Emulation: 0.4
[    21.136] 	X.Org Video Driver: 25.2
[    21.136] 	X.Org XInput driver : 24.4
[    21.136] 	X.Org Server Extension : 10.0
[    21.137] (++) using VT number 1

[    21.138] (II) systemd-logind: took control of session /org/freedesktop/login1/session/_31
[    21.139] (II) xfree86: Adding drm device (/dev/dri/card0)
[    21.139] (II) Platform probe for /sys/devices/pci0000:00/0000:00:01.0/drm/card0
[    21.140] (II) systemd-logind: got fd for /dev/dri/card0 226:0 fd 13 paused 0
[    21.142] (--) PCI:*(0@0:1:0) 1234:1111:1af4:1100 rev 2, Mem @ 0xfd000000/16777216, 0xfebf4000/4096, BIOS @ 0x????????/131072
[    21.142] (WW) Open ACPI failed (/var/run/acpid.socket) (No such file or directory)
[    21.142] (II) LoadModule: "glx"
[    21.143] (II) Loading /usr/lib/xorg/modules/extensions/libglx.so
[    21.149] (II) Module glx: vendor="X.Org Foundation"
[    21.149] 	compiled for 1.21.1.16, module version = 1.0.0
[    21.149] 	ABI class: X.Org Server Extension, version 10.0
[    21.149] (==) Matched modesetting as autoconfigured driver 0
[    21.149] (==) Matched fbdev as autoconfigured driver 1
[    21.149] (==) Matched vesa as autoconfigured driver 2
[    21.149] (==) Assigned the driver to the xf86ConfigLayout
[    21.149] (II) LoadModule: "modesetting"
[    21.150] (II) Loading /usr/lib/xorg/modules/drivers/modesetting_drv.so
[    21.151] (II) Module modesetting: vendor="X.Org Foundation"
[    21.151] 	compiled for 1.21.1.16, module version = 1.21.1
[    21.151] 	Module class: X.Org Video Driver
[    21.151] 	ABI class: X.Org Video Driver, version 25.2
[    21.151] (II) LoadModule: "fbdev"
[    21.151] (II) Loading /usr/lib/xorg/modules/drivers/fbdev_drv.so
[    21.152] (II) Module fbdev: vendor="X.Org Foundation"
[    21.152] 	compiled for 1.21.1.14, module version = 0.5.1
[    21.152] 	Module class: X.Org Video Driver
[    21.152] 	ABI class: X.Org Video Driver, version 25.2
[    21.152] (II) LoadModule: "vesa"
[    21.152] (II) Loading /usr/lib/xorg/modules/drivers/vesa_drv.so
[    21.153] (II) Module vesa: vendor="X.Org Foundation"
[    21.153] 	compiled for 1.21.1.11, module version = 2.6.0
[    21.153] 	Module class: X.Org Video Driver
[    21.153] 	ABI class: X.Org Video Driver, version 25.2
[    21.153] (II) modesetting: Driver for Modesetting Kernel Drivers: kms
[    21.153] (II) FBDEV: driver for framebuffer: fbdev
[    21.153] (II) VESA: driver for VESA chipsets: vesa
[    21.153] xf86EnableIO: failed to enable I/O ports 0000-03ff (Operation not permitted)
[    21.153] (II) modeset(0): using drv /dev/dri/card0
[    21.153] (WW) Falling back to old probe method for fbdev
[    21.153] (II) Loading sub module "fbdevhw"
[    21.153] (II) LoadModule: "fbdevhw"
[    21.153] (II) Loading /usr/lib/xorg/modules/libfbdevhw.so
[    21.154] (II) Module fbdevhw: vendor="X.Org Foundation"
[    21.154] 	compiled for 1.21.1.16, module version = 0.0.2
[    21.154] 	ABI class: X.Org Video Driver, version 25.2
[    21.154] (EE) open /dev/fb0: Permission denied
[    21.154] (WW) VGA arbiter: cannot open kernel arbiter, no multi-card support
[    21.154] (II) modeset(0): Creating default Display subsection in Screen section
	"Default Screen Section" for depth/fbbpp 24/32
[    21.154] (==) modeset(0): Depth 24, (==) framebuffer bpp 32
[    21.154] (==) modeset(0): RGB weight 888
[    21.154] (==) modeset(0): Default visual is TrueColor
[    21.154] (II) Loading sub module "glamoregl"
[    21.154] (II) LoadModule: "glamoregl"
[    21.154] (II) Loading /usr/lib/xorg/modules/libglamoregl.so
[    21.160] (II) Module glamoregl: vendor="X.Org Foundation"
[    21.160] 	compiled for 1.21.1.16, module version = 1.0.1
[    21.160] 	ABI class: X.Org ANSI C Emulation, version 0.4
[    21.387] (II) modeset(0): Refusing to try glamor on llvmpipe
[    21.390] (II) modeset(0): glamor initialization failed
[    21.390] (II) modeset(0): ShadowFB: preferred NO, enabled NO
[    21.391] (II) modeset(0): Output Virtual-1 has no monitor section
[    21.391] (II) modeset(0): EDID for output Virtual-1
[    21.391] (II) modeset(0): Manufacturer: RHT  Model: 1234  Serial#: 0
[    21.391] (II) modeset(0): Year: 2014  Week: 42
[    21.391] (II) modeset(0): EDID Version: 1.4
[    21.391] (II) modeset(0): Digital Display Input
[    21.391] (II) modeset(0): 8 bits per channel
[    21.391] (II) modeset(0): Digital interface is DisplayPort
[    21.391] (II) modeset(0): Max Image Size [cm]: horiz.: 32  vert.: 20
[    21.391] (II) modeset(0): Gamma: 2.20
[    21.391] (II) modeset(0): No DPMS capabilities specified
[    21.391] (II) modeset(0): Supported color encodings: RGB 4:4:4 
[    21.391] (II) modeset(0): Default color space is primary color space
[    21.391] (II) modeset(0): First detailed timing is preferred mode
[    21.392] (II) modeset(0): Preferred mode is native pixel format and refresh rate
[    21.392] (II) modeset(0): redX: 0.640 redY: 0.330   greenX: 0.300 greenY: 0.600
[    21.392] (II) modeset(0): blueX: 0.150 blueY: 0.060   whiteX: 0.312 whiteY: 0.329
[    21.392] (II) modeset(0): Supported established timings:
[    21.392] (II) modeset(0): 640x480@60Hz
[    21.392] (II) modeset(0): 800x600@60Hz
[    21.392] (II) modeset(0): 1024x768@60Hz
[    21.392] (II) modeset(0): Manufacturer's mask: 0
[    21.392] (II) modeset(0): Supported standard timings:
[    21.392] (II) modeset(0): #0: hsize: 2048  vsize 1152  refresh: 60  vid: 49377
[    21.392] (II) modeset(0): #1: hsize: 1920  vsize 1080  refresh: 60  vid: 49361
[    21.392] (II) modeset(0): #2: hsize: 1920  vsize 1200  refresh: 60  vid: 209
[    21.392] (II) modeset(0): #3: hsize: 1600  vsize 1200  refresh: 60  vid: 16553
[    21.392] (II) modeset(0): #4: hsize: 1680  vsize 1050  refresh: 60  vid: 179
[    21.392] (II) modeset(0): #5: hsize: 1440  vsize 900  refresh: 60  vid: 149
[    21.392] (II) modeset(0): #6: hsize: 1280  vsize 1024  refresh: 60  vid: 32897
[    21.392] (II) modeset(0): #7: hsize: 1280  vsize 960  refresh: 60  vid: 16513
[    21.392] (II) modeset(0): Supported detailed timing:
[    21.392] (II) modeset(0): clock: 107.3 MHz   Image Size:  325 x 203 mm
[    21.392] (II) modeset(0): h_active: 1280  h_sync: 1600  h_sync_end 1638 h_blank_end 1728 h_border: 0
[    21.392] (II) modeset(0): v_active: 800  v_sync: 804  v_sync_end 808 v_blanking: 828 v_border: 0
[    21.392] (II) modeset(0): Established timings III: (not decoded)
[    21.392] (II) modeset(0): Ranges: V min: 50 V max: 125 Hz, H min: 30 H max: 160 kHz,
[    21.392] (II) modeset(0): Monitor name: QEMU Monitor
[    21.392] (II) modeset(0): Number of EDID sections to follow: 1
[    21.392] (II) modeset(0): EDID (in hex):
[    21.392] (II) modeset(0): 	00ffffffffffff004914341200000000
[    21.392] (II) modeset(0): 	2a180104a520147806ee91a3544c9926
[    21.392] (II) modeset(0): 	0f5054210800e1c0d1c0d100a940b300
[    21.392] (II) modeset(0): 	950081808140ea2900c051201c304026
[    21.392] (II) modeset(0): 	444045cb10000018000000f7000a0040
[    21.392] (II) modeset(0): 	82002820000000000000000000fd0032
[    21.392] (II) modeset(0): 	7d1ea0ff010a202020202020000000fc
[    21.392] (II) modeset(0): 	0051454d55204d6f6e69746f720a013a
[    21.392] (II) modeset(0): 	02030b00467d6560591f610000001000
[    21.392] (II) modeset(0): 	00000000000000000000000000000000
[    21.392] (II) modeset(0): 	10000000000000000000000000000000
[    21.392] (II) modeset(0): 	00001000000000000000000000000000
[    21.392] (II) modeset(0): 	00000000100000000000000000000000
[    21.392] (II) modeset(0): 	00000000000010000000000000000000
[    21.392] (II) modeset(0): 	00000000000000001000000000000000
[    21.392] (II) modeset(0): 	0000000000000000000000000000002f
[    21.392] (II) modeset(0): Printing probed modes for output Virtual-1
[    21.392] (II) modeset(0): Modeline "1280x800"x75.0  107.30  1280 1600 1638 1728  800 804 808 828 -hsync -vsync (62.1 kHz eP)
[    21.392] (II) modeset(0): Modeline "1920x1080"x60.0  148.50  1920 2008 2052 2200  1080 1084 1089 1125 -hsync -vsync (67.5 kHz e)
[    21.392] (II) modeset(0): Modeline "1920x1080"x50.0  148.50  1920 2448 2492 2640  1080 1084 1089 1125 +hsync +vsync (56.2 kHz e)
[    21.392] (II) modeset(0): Modeline "1600x1200"x60.0  162.00  1600 1664 1856 2160  1200 1201 1204 1250 +hsync +vsync (75.0 kHz e)
[    21.392] (II) modeset(0): Modeline "1680x1050"x60.0  146.25  1680 1784 1960 2240  1050 1053 1059 1089 -hsync +vsync (65.3 kHz e)
[    21.392] (II) modeset(0): Modeline "1400x1050"x60.0  121.75  1400 1488 1632 1864  1050 1053 1057 1089 -hsync +vsync (65.3 kHz e)
[    21.392] (II) modeset(0): Modeline "1280x1024"x60.0  108.00  1280 1328 1440 1688  1024 1025 1028 1066 +hsync +vsync (64.0 kHz e)
[    21.392] (II) modeset(0): Modeline "1440x900"x59.9  106.50  1440 1520 1672 1904  900 903 909 934 -hsync +vsync (55.9 kHz e)
[    21.392] (II) modeset(0): Modeline "1280x960"x60.0  108.00  1280 1376 1488 1800  960 961 964 1000 +hsync +vsync (60.0 kHz e)
[    21.392] (II) modeset(0): Modeline "1360x768"x60.0   85.50  1360 1424 1536 1792  768 771 777 795 +hsync +vsync (47.7 kHz e)
[    21.392] (II) modeset(0): Modeline "1280x768"x59.9   79.50  1280 1344 1472 1664  768 771 778 798 -hsync +vsync (47.8 kHz e)
[    21.392] (II) modeset(0): Modeline "1024x768"x60.0   65.00  1024 1048 1184 1344  768 771 777 806 -hsync -vsync (48.4 kHz e)
[    21.392] (II) modeset(0): Modeline "800x600"x60.3   40.00  800 840 968 1056  600 601 605 628 +hsync +vsync (37.9 kHz e)
[    21.392] (II) modeset(0): Modeline "640x480"x60.0   25.20  640 656 752 800  480 490 492 525 -hsync -vsync (31.5 kHz e)
[    21.392] (II) modeset(0): Modeline "640x480"x59.9   25.18  640 656 752 800  480 490 492 525 -hsync -vsync (31.5 kHz e)
[    21.392] (II) modeset(0): Output Virtual-1 connected
[    21.392] (II) modeset(0): Using exact sizes for initial modes
[    21.392] (II) modeset(0): Output Virtual-1 using initial mode 1280x800 +0+0
[    21.392] (==) modeset(0): Using gamma correction (1.0, 1.0, 1.0)
[    21.392] (==) modeset(0): DPI set to (96, 96)
[    21.392] (II) Loading sub module "fb"
[    21.392] (II) LoadModule: "fb"
[    21.392] (II) Module "fb" already built-in
[    21.392] (II) UnloadModule: "fbdev"
[    21.392] (II) Unloading fbdev
[    21.392] (II) UnloadSubModule: "fbdevhw"
[    21.392] (II) Unloading fbdevhw
[    21.392] (II) UnloadModule: "vesa"
[    21.392] (II) Unloading vesa
[    21.393] (==) modeset(0): Backing store enabled
[    21.393] (==) modeset(0): Silken mouse enabled
[    21.393] (II) modeset(0): Initializing kms color map for depth 24, 8 bpc.
[    21.393] (==) modeset(0): DPMS enabled
[    21.393] (II) Initializing extension Generic Event Extension
[    21.393] (II) Initializing extension SHAPE
[    21.393] (II) Initializing extension MIT-SHM
[    21.393] (II) Initializing extension XInputExtension
[    21.394] (II) Initializing extension XTEST
[    21.394] (II) Initializing extension BIG-REQUESTS
[    21.394] (II) Initializing extension SYNC
[    21.394] (II) Initializing extension XKEYBOARD
[    21.395] (II) Initializing extension XC-MISC
[    21.395] (II) Initializing extension SECURITY
[    21.395] (II) Initializing extension XFIXES
[    21.395] (II) Initializing extension RENDER
[    21.395] (II) Initializing extension RANDR
[    21.395] (II) Initializing extension COMPOSITE
[    21.396] (II) Initializing extension DAMAGE
[    21.396] (II) Initializing extension MIT-SCREEN-SAVER
[    21.396] (II) Initializing extension DOUBLE-BUFFER
[    21.396] (II) Initializing extension RECORD
[    21.396] (II) Initializing extension DPMS
[    21.396] (II) Initializing extension Present
[    21.396] (II) Initializing extension DRI3
[    21.396] (II) Initializing extension X-Resource
[    21.396] (II) Initializing extension XVideo
[    21.396] (II) Initializing extension XVideo-MotionCompensation
[    21.396] (II) Initializing extension GLX
[    21.396] (II) AIGLX: Screen 0 is not DRI2 capable
[    21.404] (II) IGLX: Loaded and initialized swrast
[    21.404] (II) GLX: Initialized DRISWRAST GL provider for screen 0
[    21.404] (II) Initializing extension XFree86-VidModeExtension
[    21.404] (II) Initializing extension XFree86-DGA
[    21.404] (II) Initializing extension XFree86-DRI
[    21.404] (II) Initializing extension DRI2
[    21.404] (II) modeset(0): Damage tracking initialized
[    21.404] (II) modeset(0): Setting screen physical size to 338 x 211
[    21.490] (II) config/udev: Adding input device Power Button (/dev/input/event0)
[    21.490] (**) Power Button: Applying InputClass "evdev keyboard catchall"
[    21.490] (**) Power Button: Applying InputClass "libinput keyboard catchall"
[    21.490] (**) Power Button: Applying InputClass "system-keyboard"
[    21.490] (**) Power Button: Applying InputClass "Keyboard Br Abnt2"
[    21.490] (II) LoadModule: "libinput"
[    21.491] (II) Loading /usr/lib/xorg/modules/input/libinput_drv.so
[    21.495] (II) Module libinput: vendor="X.Org Foundation"
[    21.495] 	compiled for 1.21.1.13, module version = 1.5.0
[    21.495] 	Module class: X.Org XInput Driver
[    21.495] 	ABI class: X.Org XInput driver, version 24.4
[    21.495] (II) Using input driver 'libinput' for 'Power Button'
[    21.496] (II) systemd-logind: got fd for /dev/input/event0 13:64 fd 27 paused 0
[    21.496] (**) Power Button: always reports core events
[    21.496] (**) Option "Device" "/dev/input/event0"
[    21.507] (II) event0  - Power Button: is tagged by udev as: Keyboard
[    21.507] (II) event0  - Power Button: device is a keyboard
[    21.507] (II) event0  - Power Button: device removed
[    21.507] (**) Option "config_info" "udev:/sys/devices/LNXSYSTM:00/LNXPWRBN:00/input/input0/event0"
[    21.507] (II) XINPUT: Adding extended input device "Power Button" (type: KEYBOARD, id 6)
[    21.507] (**) Option "xkb_model" "pc105"
[    21.507] (**) Option "xkb_layout" "br"
[    21.507] (**) Option "xkb_variant" "abnt2"
[    21.507] (WW) Option "xkb_options" requires a string value
[    21.534] (II) event0  - Power Button: is tagged by udev as: Keyboard
[    21.534] (II) event0  - Power Button: device is a keyboard
[    21.536] (II) config/udev: Adding input device AT Translated Set 2 keyboard (/dev/input/event1)
[    21.536] (**) AT Translated Set 2 keyboard: Applying InputClass "evdev keyboard catchall"
[    21.536] (**) AT Translated Set 2 keyboard: Applying InputClass "libinput keyboard catchall"
[    21.536] (**) AT Translated Set 2 keyboard: Applying InputClass "system-keyboard"
[    21.536] (**) AT Translated Set 2 keyboard: Applying InputClass "Keyboard Br Abnt2"
[    21.536] (II) Using input driver 'libinput' for 'AT Translated Set 2 keyboard'
[    21.537] (II) systemd-logind: got fd for /dev/input/event1 13:65 fd 30 paused 0
[    21.537] (**) AT Translated Set 2 keyboard: always reports core events
[    21.537] (**) Option "Device" "/dev/input/event1"
[    21.539] (II) event1  - AT Translated Set 2 keyboard: is tagged by udev as: Keyboard
[    21.539] (II) event1  - AT Translated Set 2 keyboard: device is a keyboard
[    21.539] (II) event1  - AT Translated Set 2 keyboard: device removed
[    21.540] (**) Option "config_info" "udev:/sys/devices/platform/i8042/serio0/input/input1/event1"
[    21.540] (II) XINPUT: Adding extended input device "AT Translated Set 2 keyboard" (type: KEYBOARD, id 7)
[    21.540] (**) Option "xkb_model" "pc105"
[    21.540] (**) Option "xkb_layout" "br"
[    21.540] (**) Option "xkb_variant" "abnt2"
[    21.540] (WW) Option "xkb_options" requires a string value
[    21.540] (II) event1  - AT Translated Set 2 keyboard: is tagged by udev as: Keyboard
[    21.540] (II) event1  - AT Translated Set 2 keyboard: device is a keyboard
[    21.541] (II) config/udev: Adding input device VirtualPS/2 VMware VMMouse (/dev/input/event4)
[    21.541] (**) VirtualPS/2 VMware VMMouse: Applying InputClass "evdev pointer catchall"
[    21.541] (**) VirtualPS/2 VMware VMMouse: Applying InputClass "libinput pointer catchall"
[    21.541] (II) Using input driver 'libinput' for 'VirtualPS/2 VMware VMMouse'
[    21.542] (II) systemd-logind: got fd for /dev/input/event4 13:68 fd 31 paused 0
[    21.542] (**) VirtualPS/2 VMware VMMouse: always reports core events
[    21.542] (**) Option "Device" "/dev/input/event4"
[    21.543] (II) event4  - VirtualPS/2 VMware VMMouse: is tagged by udev as: Mouse
[    21.543] (II) event4  - VirtualPS/2 VMware VMMouse: device is a pointer
[    21.543] (II) event4  - VirtualPS/2 VMware VMMouse: device removed
[    21.543] (II) libinput: VirtualPS/2 VMware VMMouse: Step value 0 was provided, libinput Fallback acceleration function is used.
[    21.543] (II) libinput: VirtualPS/2 VMware VMMouse: Step value 0 was provided, libinput Fallback acceleration function is used.
[    21.543] (II) libinput: VirtualPS/2 VMware VMMouse: Step value 0 was provided, libinput Fallback acceleration function is used.
[    21.543] (**) Option "config_info" "udev:/sys/devices/platform/i8042/serio1/input/input4/event4"
[    21.544] (II) XINPUT: Adding extended input device "VirtualPS/2 VMware VMMouse" (type: MOUSE, id 8)
[    21.544] (**) Option "AccelerationScheme" "none"
[    21.544] (**) VirtualPS/2 VMware VMMouse: (accel) selected scheme none/0
[    21.544] (**) VirtualPS/2 VMware VMMouse: (accel) acceleration factor: 2.000
[    21.544] (**) VirtualPS/2 VMware VMMouse: (accel) acceleration threshold: 4
[    21.544] (II) event4  - VirtualPS/2 VMware VMMouse: is tagged by udev as: Mouse
[    21.544] (II) event4  - VirtualPS/2 VMware VMMouse: device is a pointer
[    21.545] (II) config/udev: Adding input device VirtualPS/2 VMware VMMouse (/dev/input/mouse1)
[    21.545] (II) No input driver specified, ignoring this device.
[    21.545] (II) This device may have been added with another device file.
[    21.545] (II) config/udev: Adding input device VirtualPS/2 VMware VMMouse (/dev/input/event3)
[    21.546] (**) VirtualPS/2 VMware VMMouse: Applying InputClass "evdev pointer catchall"
[    21.546] (**) VirtualPS/2 VMware VMMouse: Applying InputClass "libinput pointer catchall"
[    21.546] (II) Using input driver 'libinput' for 'VirtualPS/2 VMware VMMouse'
[    21.547] (II) systemd-logind: got fd for /dev/input/event3 13:67 fd 32 paused 0
[    21.547] (**) VirtualPS/2 VMware VMMouse: always reports core events
[    21.547] (**) Option "Device" "/dev/input/event3"
[    21.547] (II) event3  - VirtualPS/2 VMware VMMouse: is tagged by udev as: Mouse
[    21.548] (II) event3  - VirtualPS/2 VMware VMMouse: device is a pointer
[    21.548] (II) event3  - VirtualPS/2 VMware VMMouse: device removed
[    21.548] (**) Option "config_info" "udev:/sys/devices/platform/i8042/serio1/input/input5/event3"
[    21.548] (II) XINPUT: Adding extended input device "VirtualPS/2 VMware VMMouse" (type: MOUSE, id 9)
[    21.548] (**) Option "AccelerationScheme" "none"
[    21.548] (**) VirtualPS/2 VMware VMMouse: (accel) selected scheme none/0
[    21.548] (**) VirtualPS/2 VMware VMMouse: (accel) acceleration factor: 2.000
[    21.548] (**) VirtualPS/2 VMware VMMouse: (accel) acceleration threshold: 4
[    21.549] (II) event3  - VirtualPS/2 VMware VMMouse: is tagged by udev as: Mouse
[    21.549] (II) event3  - VirtualPS/2 VMware VMMouse: device is a pointer
[    21.550] (II) config/udev: Adding input device VirtualPS/2 VMware VMMouse (/dev/input/mouse0)
[    21.550] (II) No input driver specified, ignoring this device.
[    21.550] (II) This device may have been added with another device file.
[    21.550] (II) config/udev: Adding input device PC Speaker (/dev/input/event2)
[    21.550] (II) No input driver specified, ignoring this device.
[    21.550] (II) This device may have been added with another device file.
[    21.558] (II) modeset(0): Disabling kernel dirty updates, not required.
[    23.224] (II) modeset(0): EDID vendor "RHT", prod id 4660
[    23.224] (II) modeset(0): Using EDID range info for horizontal sync
[    23.224] (II) modeset(0): Using EDID range info for vertical refresh
[    23.224] (II) modeset(0): Printing DDC gathered Modelines:
[    23.224] (II) modeset(0): Modeline "1280x800"x0.0  107.30  1280 1600 1638 1728  800 804 808 828 -hsync -vsync (62.1 kHz eP)
[    23.224] (II) modeset(0): Modeline "1280x768"x0.0   79.50  1280 1344 1472 1664  768 771 778 798 -hsync +vsync (47.8 kHz e)
[    23.224] (II) modeset(0): Modeline "1360x768"x0.0   85.50  1360 1424 1536 1792  768 771 777 795 +hsync +vsync (47.7 kHz e)
[    23.224] (II) modeset(0): Modeline "1400x1050"x0.0  121.75  1400 1488 1632 1864  1050 1053 1057 1089 -hsync +vsync (65.3 kHz e)
[    23.224] (II) modeset(0): Modeline "1792x1344"x0.0  204.75  1792 1920 2120 2448  1344 1345 1348 1394 -hsync +vsync (83.6 kHz e)
[    23.224] (II) modeset(0): Modeline "1856x1392"x0.0  218.25  1856 1952 2176 2528  1392 1393 1396 1439 -hsync +vsync (86.3 kHz e)
[    23.224] (II) modeset(0): Modeline "1920x1440"x0.0  234.00  1920 2048 2256 2600  1440 1441 1444 1500 -hsync +vsync (90.0 kHz e)
[    23.224] (II) modeset(0): Modeline "1920x1080"x0.0  148.50  1920 2448 2492 2640  1080 1084 1089 1125 +hsync +vsync (56.2 kHz e)
[    23.224] (II) modeset(0): Modeline "800x600"x0.0   40.00  800 840 968 1056  600 601 605 628 +hsync +vsync (37.9 kHz e)
[    23.224] (II) modeset(0): Modeline "640x480"x0.0   25.18  640 656 752 800  480 490 492 525 -hsync -vsync (31.5 kHz e)
[    23.224] (II) modeset(0): Modeline "1024x768"x0.0   65.00  1024 1048 1184 1344  768 771 777 806 -hsync -vsync (48.4 kHz e)
[    23.224] (II) modeset(0): Modeline "2048x1152"x60.0  197.97  2048 2184 2408 2768  1152 1153 1156 1192 -hsync +vsync (71.5 kHz e)
[    23.224] (II) modeset(0): Modeline "1920x1080"x60.0  172.80  1920 2040 2248 2576  1080 1081 1084 1118 -hsync +vsync (67.1 kHz e)
[    23.224] (II) modeset(0): Modeline "1920x1200"x0.0  193.25  1920 2056 2256 2592  1200 1203 1209 1245 -hsync +vsync (74.6 kHz e)
[    23.224] (II) modeset(0): Modeline "1600x1200"x0.0  162.00  1600 1664 1856 2160  1200 1201 1204 1250 +hsync +vsync (75.0 kHz e)
[    23.224] (II) modeset(0): Modeline "1680x1050"x0.0  146.25  1680 1784 1960 2240  1050 1053 1059 1089 -hsync +vsync (65.3 kHz e)
[    23.224] (II) modeset(0): Modeline "1440x900"x0.0  106.50  1440 1520 1672 1904  900 903 909 934 -hsync +vsync (55.9 kHz e)
[    23.224] (II) modeset(0): Modeline "1280x1024"x0.0  108.00  1280 1328 1440 1688  1024 1025 1028 1066 +hsync +vsync (64.0 kHz e)
[    23.224] (II) modeset(0): Modeline "1280x960"x0.0  108.00  1280 1376 1488 1800  960 961 964 1000 +hsync +vsync (60.0 kHz e)
[    23.226] (II) modeset(0): EDID vendor "RHT", prod id 4660
[    23.226] (II) modeset(0): Using hsync ranges from config file
[    23.226] (II) modeset(0): Using vrefresh ranges from config file
[    23.226] (II) modeset(0): Printing DDC gathered Modelines:
[    23.226] (II) modeset(0): Modeline "1280x800"x0.0  107.30  1280 1600 1638 1728  800 804 808 828 -hsync -vsync (62.1 kHz eP)
[    23.226] (II) modeset(0): Modeline "1280x768"x0.0   79.50  1280 1344 1472 1664  768 771 778 798 -hsync +vsync (47.8 kHz e)
[    23.226] (II) modeset(0): Modeline "1360x768"x0.0   85.50  1360 1424 1536 1792  768 771 777 795 +hsync +vsync (47.7 kHz e)
[    23.227] (II) modeset(0): Modeline "1400x1050"x0.0  121.75  1400 1488 1632 1864  1050 1053 1057 1089 -hsync +vsync (65.3 kHz e)
[    23.227] (II) modeset(0): Modeline "1792x1344"x0.0  204.75  1792 1920 2120 2448  1344 1345 1348 1394 -hsync +vsync (83.6 kHz e)
[    23.227] (II) modeset(0): Modeline "1856x1392"x0.0  218.25  1856 1952 2176 2528  1392 1393 1396 1439 -hsync +vsync (86.3 kHz e)
[    23.227] (II) modeset(0): Modeline "1920x1440"x0.0  234.00  1920 2048 2256 2600  1440 1441 1444 1500 -hsync +vsync (90.0 kHz e)
[    23.227] (II) modeset(0): Modeline "1920x1080"x0.0  148.50  1920 2448 2492 2640  1080 1084 1089 1125 +hsync +vsync (56.2 kHz e)
[    23.227] (II) modeset(0): Modeline "800x600"x0.0   40.00  800 840 968 1056  600 601 605 628 +hsync +vsync (37.9 kHz e)
[    23.227] (II) modeset(0): Modeline "640x480"x0.0   25.18  640 656 752 800  480 490 492 525 -hsync -vsync (31.5 kHz e)
[    23.227] (II) modeset(0): Modeline "1024x768"x0.0   65.00  1024 1048 1184 1344  768 771 777 806 -hsync -vsync (48.4 kHz e)
[    23.227] (II) modeset(0): Modeline "2048x1152"x60.0  197.97  2048 2184 2408 2768  1152 1153 1156 1192 -hsync +vsync (71.5 kHz e)
[    23.227] (II) modeset(0): Modeline "1920x1080"x60.0  172.80  1920 2040 2248 2576  1080 1081 1084 1118 -hsync +vsync (67.1 kHz e)
[    23.227] (II) modeset(0): Modeline "1920x1200"x0.0  193.25  1920 2056 2256 2592  1200 1203 1209 1245 -hsync +vsync (74.6 kHz e)
[    23.227] (II) modeset(0): Modeline "1600x1200"x0.0  162.00  1600 1664 1856 2160  1200 1201 1204 1250 +hsync +vsync (75.0 kHz e)
[    23.227] (II) modeset(0): Modeline "1680x1050"x0.0  146.25  1680 1784 1960 2240  1050 1053 1059 1089 -hsync +vsync (65.3 kHz e)
[    23.227] (II) modeset(0): Modeline "1440x900"x0.0  106.50  1440 1520 1672 1904  900 903 909 934 -hsync +vsync (55.9 kHz e)
[    23.227] (II) modeset(0): Modeline "1280x1024"x0.0  108.00  1280 1328 1440 1688  1024 1025 1028 1066 +hsync +vsync (64.0 kHz e)
[    23.227] (II) modeset(0): Modeline "1280x960"x0.0  108.00  1280 1376 1488 1800  960 961 964 1000 +hsync +vsync (60.0 kHz e)
[    23.298] (II) modeset(0): Allocate new frame buffer 1360x768 stride
